p/c3_p1_87.jpg 1 0 0 1280 720
p/c3_p1_88.jpg 1 0 0 1280 720
p/c3_p1_89.jpg 1 0 0 1280 720
p/c3_p1_9.jpg 1 0 0 1280 720
p/c3_p1_90.jpg 1 0 0 1280 720
p/c3_p1_91.jpg 1 0 0 1280 720
p/c3_p1_92.jpg 1 0 0 1280 720
p/c3_p1_93.jpg 1 0 0 1280 720
p/c3_p1_94.jpg 1 0 0 1280 720
p/c3_p1_95.jpg 1 0 0 1280 720
p/c3_p1_96.jpg 1 0 0 1280 720
p/c3_p1_97.jpg 1 0 0 1280 720
p/c3_p1_98.jpg 1 0 0 1280 720
p/c3_p1_99.jpg 1 0 0 1280 720
p/c3_p1_146.jpg 1 0 0 1280 720
p/c3_p1_147.jpg 1 0 0 1280 720
p/c3_p1_148.jpg 1 0 0 1280 720
p/c3_p1_149.jpg 1 0 0 1280 720
p/c3_p1_15.jpg 1 0 0 1280 720
p/c3_p1_150.jpg 1 0 0 1280 720
p/c3_p1_16.jpg 1 0 0 1280 720
p/c3_p1_17.jpg 1 0 0 1280 720
p/c3_p1_18.jpg 1 0 0 1280 720
p/c3_p1_19.jpg 1 0 0 1280 720
p/c3_p1_2.jpg 1 0 0 1280 720
p/c3_p1_20.jpg 1 0 0 1280 720
p/c3_p1_21.jpg 1 0 0 1280 720
p/c3_p1_22.jpg 1 0 0 1280 720
p/c3_p1_23.jpg 1 0 0 1280 720
p/c3_p1_24.jpg 1 0 0 1280 720
p/c3_p1_25.jpg 1 0 0 1280 720
p/c3_p1_26.jpg 1 0 0 1280 720
p/c3_p1_27.jpg 1 0 0 1280 720
p/c3_p1_28.jpg 1 0 0 1280 720
p/c3_p1_29.jpg 1 0 0 1280 720
p/c3_p1_3.jpg 1 0 0 1280 720
p/c3_p1_30.jpg 1 0 0 1280 720
p/c3_p1_31.jpg 1 0 0 1280 720
p/c3_p1_32.jpg 1 0 0 1280 720
p/c3_p1_33.jpg 1 0 0 1280 720
p/c3_p1_34.jpg 1 0 0 1280 720
p/c3_p1_35.jpg 1 0 0 1280 720
p/c3_p1_36.jpg 1 0 0 1280 720
p/c3_p1_37.jpg 1 0 0 1280 720
p/c3_p1_38.jpg 1 0 0 1280 720
p/c3_p1_39.jpg 1 0 0 1280 720
p/c3_p1_4.jpg 1 0 0 1280 720
p/c3_p1_40.jpg 1 0 0 1280 720
p/c3_p1_41.jpg 1 0 0 1280 720
p/c3_p1_42.jpg 1 0 0 1280 720
p/c3_p1_43.jpg 1 0 0 1280 720
p/c3_p1_44.jpg 1 0 0 1280 720
p/c3_p1_45.jpg 1 0 0 1280 720
p/c3_p1_46.jpg 1 0 0 1280 720
p/c3_p1_47.jpg 1 0 0 1280 720
p/c3_p1_48.jpg 1 0 0 1280 720
p/c3_p1_49.jpg 1 0 0 1280 720
p/c3_p1_5.jpg 1 0 0 1280 720
p/c3_p1_50.jpg 1 0 0 1280 720
p/c3_p1_51.jpg 1 0 0 1280 720
p/c3_p1_52.jpg 1 0 0 1280 720
p/c3_p1_53.jpg 1 0 0 1280 720
p/c3_p1_54.jpg 1 0 0 1280 720
p/c3_p1_55.jpg 1 0 0 1280 720
p/c3_p1_56.jpg 1 0 0 1280 720
p/c3_p1_57.jpg 1 0 0 1280 720
p/c3_p1_58.jpg 1 0 0 1280 720
p/c3_p1_59.jpg 1 0 0 1280 720
p/c3_p1_6.jpg 1 0 0 1280 720
p/c3_p1_60.jpg 1 0 0 1280 720
p/c3_p1_61.jpg 1 0 0 1280 720
p/c3_p1_62.jpg 1 0 0 1280 720
p/c3_p1_63.jpg 1 0 0 1280 720
p/c3_p1_64.jpg 1 0 0 1280 720
p/c3_p1_65.jpg 1 0 0 1280 720
p/c3_p1_66.jpg 1 0 0 1280 720
p/c3_p1_67.jpg 1 0 0 1280 720
p/c3_p1_68.jpg 1 0 0 1280 720
p/c3_p1_69.jpg 1 0 0 1280 720
p/c3_p1_7.jpg 1 0 0 1280 720
p/c3_p1_70.jpg 1 0 0 1280 720
p/c3_p1_71.jpg 1 0 0 1280 720
p/c3_p1_72.jpg 1 0 0 1280 720
p/c3_p1_73.jpg 1 0 0 1280 720
p/c3_p1_74.jpg 1 0 0 1280 720
p/c3_p1_75.jpg 1 0 0 1280 720
p/c3_p1_76.jpg 1 0 0 1280 720
p/c3_p1_77.jpg 1 0 0 1280 720
p/c3_p1_78.jpg 1 0 0 1280 720
p/c3_p1_79.jpg 1 0 0 1280 720
p/c3_p1_8.jpg 1 0 0 1280 720
p/c3_p1_80.jpg 1 0 0 1280 720
p/c3_p1_81.jpg 1 0 0 1280 720
p/c3_p1_82.jpg 1 0 0 1280 720
p/c3_p1_83.jpg 1 0 0 1280 720
p/c3_p1_84.jpg 1 0 0 1280 720
p/c3_p1_85.jpg 1 0 0 1280 720
p/c3_p1_86.jpg 1 0 0 1280 720
p/c2_p1_71.jpg 1 0 0 1280 720
p/c2_p1_72.jpg 1 0 0 1280 720
p/c2_p1_73.jpg 1 0 0 1280 720
p/c2_p1_74.jpg 1 0 0 1280 720
p/c2_p1_75.jpg 1 0 0 1280 720
p/c2_p1_76.jpg 1 0 0 1280 720
p/c2_p1_77.jpg 1 0 0 1280 720
p/c2_p1_78.jpg 1 0 0 1280 720
p/c2_p1_79.jpg 1 0 0 1280 720
p/c2_p1_8.jpg 1 0 0 1280 720
p/c2_p1_80.jpg 1 0 0 1280 720
p/c2_p1_81.jpg 1 0 0 1280 720
p/c2_p1_82.jpg 1 0 0 1280 720
p/c2_p1_83.jpg 1 0 0 1280 720
p/c2_p1_84.jpg 1 0 0 1280 720
p/c2_p1_85.jpg 1 0 0 1280 720
p/c2_p1_86.jpg 1 0 0 1280 720
p/c2_p1_87.jpg 1 0 0 1280 720
p/c2_p1_88.jpg 1 0 0 1280 720
p/c2_p1_89.jpg 1 0 0 1280 720
p/c2_p1_9.jpg 1 0 0 1280 720
p/c2_p1_90.jpg 1 0 0 1280 720
p/c2_p1_91.jpg 1 0 0 1280 720
p/c2_p1_92.jpg 1 0 0 1280 720
p/c2_p1_93.jpg 1 0 0 1280 720
p/c2_p1_94.jpg 1 0 0 1280 720
p/c2_p1_95.jpg 1 0 0 1280 720
p/c2_p1_96.jpg 1 0 0 1280 720
p/c2_p1_97.jpg 1 0 0 1280 720
p/c2_p1_98.jpg 1 0 0 1280 720
p/c2_p1_99.jpg 1 0 0 1280 720
p/c3_p1_1.jpg 1 0 0 1280 720
p/c3_p1_10.jpg 1 0 0 1280 720
p/c3_p1_100.jpg 1 0 0 1280 720
p/c3_p1_101.jpg 1 0 0 1280 720
p/c3_p1_102.jpg 1 0 0 1280 720
p/c3_p1_103.jpg 1 0 0 1280 720
p/c3_p1_104.jpg 1 0 0 1280 720
p/c3_p1_105.jpg 1 0 0 1280 720
p/c3_p1_106.jpg 1 0 0 1280 720
p/c3_p1_107.jpg 1 0 0 1280 720
p/c3_p1_108.jpg 1 0 0 1280 720
p/c3_p1_109.jpg 1 0 0 1280 720
p/c3_p1_11.jpg 1 0 0 1280 720
p/c3_p1_110.jpg 1 0 0 1280 720
p/c3_p1_111.jpg 1 0 0 1280 720
p/c3_p1_112.jpg 1 0 0 1280 720
p/c3_p1_113.jpg 1 0 0 1280 720
p/c3_p1_114.jpg 1 0 0 1280 720
p/c3_p1_115.jpg 1 0 0 1280 720
p/c3_p1_116.jpg 1 0 0 1280 720
p/c3_p1_117.jpg 1 0 0 1280 720
p/c3_p1_118.jpg 1 0 0 1280 720
p/c3_p1_119.jpg 1 0 0 1280 720
p/c3_p1_12.jpg 1 0 0 1280 720
p/c3_p1_120.jpg 1 0 0 1280 720
p/c3_p1_121.jpg 1 0 0 1280 720
p/c3_p1_122.jpg 1 0 0 1280 720
p/c3_p1_123.jpg 1 0 0 1280 720
p/c3_p1_124.jpg 1 0 0 1280 720
p/c3_p1_125.jpg 1 0 0 1280 720
p/c3_p1_126.jpg 1 0 0 1280 720
p/c3_p1_127.jpg 1 0 0 1280 720
p/c3_p1_128.jpg 1 0 0 1280 720
p/c3_p1_129.jpg 1 0 0 1280 720
p/c3_p1_13.jpg 1 0 0 1280 720
p/c3_p1_130.jpg 1 0 0 1280 720
p/c3_p1_131.jpg 1 0 0 1280 720
p/c3_p1_132.jpg 1 0 0 1280 720
p/c3_p1_133.jpg 1 0 0 1280 720
p/c3_p1_134.jpg 1 0 0 1280 720
p/c3_p1_135.jpg 1 0 0 1280 720
p/c3_p1_136.jpg 1 0 0 1280 720
p/c3_p1_137.jpg 1 0 0 1280 720
p/c3_p1_138.jpg 1 0 0 1280 720
p/c3_p1_139.jpg 1 0 0 1280 720
p/c3_p1_14.jpg 1 0 0 1280 720
p/c3_p1_140.jpg 1 0 0 1280 720
p/c3_p1_141.jpg 1 0 0 1280 720
p/c3_p1_142.jpg 1 0 0 1280 720
p/c3_p1_143.jpg 1 0 0 1280 720
p/c3_p1_144.jpg 1 0 0 1280 720
p/c3_p1_145.jpg 1 0 0 1280 720
p/c2_p1_129.jpg 1 0 0 1280 720
p/c2_p1_13.jpg 1 0 0 1280 720
p/c2_p1_130.jpg 1 0 0 1280 720
p/c2_p1_131.jpg 1 0 0 1280 720
p/c2_p1_132.jpg 1 0 0 1280 720
p/c2_p1_133.jpg 1 0 0 1280 720
p/c2_p1_134.jpg 1 0 0 1280 720
p/c2_p1_135.jpg 1 0 0 1280 720
p/c2_p1_136.jpg 1 0 0 1280 720
p/c2_p1_137.jpg 1 0 0 1280 720
p/c2_p1_138.jpg 1 0 0 1280 720
p/c2_p1_139.jpg 1 0 0 1280 720
p/c2_p1_14.jpg 1 0 0 1280 720
p/c2_p1_140.jpg 1 0 0 1280 720
p/c2_p1_141.jpg 1 0 0 1280 720
p/c2_p1_142.jpg 1 0 0 1280 720
p/c2_p1_143.jpg 1 0 0 1280 720
p/c2_p1_144.jpg 1 0 0 1280 720
p/c2_p1_145.jpg 1 0 0 1280 720
p/c2_p1_146.jpg 1 0 0 1280 720
p/c2_p1_147.jpg 1 0 0 1280 720
p/c2_p1_148.jpg 1 0 0 1280 720
p/c2_p1_149.jpg 1 0 0 1280 720
p/c2_p1_15.jpg 1 0 0 1280 720
p/c2_p1_150.jpg 1 0 0 1280 720
p/c2_p1_16.jpg 1 0 0 1280 720
p/c2_p1_17.jpg 1 0 0 1280 720
p/c2_p1_18.jpg 1 0 0 1280 720
p/c2_p1_19.jpg 1 0 0 1280 720
p/c2_p1_2.jpg 1 0 0 1280 720
p/c2_p1_20.jpg 1 0 0 1280 720
p/c2_p1_21.jpg 1 0 0 1280 720
p/c2_p1_22.jpg 1 0 0 1280 720
p/c2_p1_23.jpg 1 0 0 1280 720
p/c2_p1_24.jpg 1 0 0 1280 720
p/c2_p1_25.jpg 1 0 0 1280 720
p/c2_p1_26.jpg 1 0 0 1280 720
p/c2_p1_27.jpg 1 0 0 1280 720
p/c2_p1_28.jpg 1 0 0 1280 720
p/c2_p1_29.jpg 1 0 0 1280 720
p/c2_p1_3.jpg 1 0 0 1280 720
p/c2_p1_30.jpg 1 0 0 1280 720
p/c2_p1_31.jpg 1 0 0 1280 720
p/c2_p1_32.jpg 1 0 0 1280 720
p/c2_p1_33.jpg 1 0 0 1280 720
p/c2_p1_34.jpg 1 0 0 1280 720
p/c2_p1_35.jpg 1 0 0 1280 720
p/c2_p1_36.jpg 1 0 0 1280 720
p/c2_p1_37.jpg 1 0 0 1280 720
p/c2_p1_38.jpg 1 0 0 1280 720
p/c2_p1_39.jpg 1 0 0 1280 720
p/c2_p1_4.jpg 1 0 0 1280 720
p/c2_p1_40.jpg 1 0 0 1280 720
p/c2_p1_41.jpg 1 0 0 1280 720
p/c2_p1_42.jpg 1 0 0 1280 720
p/c2_p1_43.jpg 1 0 0 1280 720
p/c2_p1_44.jpg 1 0 0 1280 720
p/c2_p1_45.jpg 1 0 0 1280 720
p/c2_p1_46.jpg 1 0 0 1280 720
p/c2_p1_47.jpg 1 0 0 1280 720
p/c2_p1_48.jpg 1 0 0 1280 720
p/c2_p1_49.jpg 1 0 0 1280 720
p/c2_p1_5.jpg 1 0 0 1280 720
p/c2_p1_50.jpg 1 0 0 1280 720
p/c2_p1_51.jpg 1 0 0 1280 720
p/c2_p1_52.jpg 1 0 0 1280 720
p/c2_p1_53.jpg 1 0 0 1280 720
p/c2_p1_54.jpg 1 0 0 1280 720
p/c2_p1_55.jpg 1 0 0 1280 720
p/c2_p1_56.jpg 1 0 0 1280 720
p/c2_p1_57.jpg 1 0 0 1280 720
p/c2_p1_58.jpg 1 0 0 1280 720
p/c2_p1_59.jpg 1 0 0 1280 720
p/c2_p1_6.jpg 1 0 0 1280 720
p/c2_p1_60.jpg 1 0 0 1280 720
p/c2_p1_61.jpg 1 0 0 1280 720
p/c2_p1_62.jpg 1 0 0 1280 720
p/c2_p1_63.jpg 1 0 0 1280 720
p/c2_p1_64.jpg 1 0 0 1280 720
p/c2_p1_65.jpg 1 0 0 1280 720
p/c2_p1_66.jpg 1 0 0 1280 720
p/c2_p1_67.jpg 1 0 0 1280 720
p/c2_p1_68.jpg 1 0 0 1280 720
p/c2_p1_69.jpg 1 0 0 1280 720
p/c2_p1_7.jpg 1 0 0 1280 720
p/c2_p1_70.jpg 1 0 0 1280 720
p/c1_p1_56.jpg 1 0 0 1280 720
p/c1_p1_57.jpg 1 0 0 1280 720
p/c1_p1_58.jpg 1 0 0 1280 720
p/c1_p1_59.jpg 1 0 0 1280 720
p/c1_p1_6.jpg 1 0 0 1280 720
p/c1_p1_60.jpg 1 0 0 1280 720
p/c1_p1_61.jpg 1 0 0 1280 720
p/c1_p1_62.jpg 1 0 0 1280 720
p/c1_p1_63.jpg 1 0 0 1280 720
p/c1_p1_64.jpg 1 0 0 1280 720
p/c1_p1_65.jpg 1 0 0 1280 720
p/c1_p1_66.jpg 1 0 0 1280 720
p/c1_p1_67.jpg 1 0 0 1280 720
p/c1_p1_68.jpg 1 0 0 1280 720
p/c1_p1_69.jpg 1 0 0 1280 720
p/c1_p1_7.jpg 1 0 0 1280 720
p/c1_p1_70.jpg 1 0 0 1280 720
p/c1_p1_71.jpg 1 0 0 1280 720
p/c1_p1_72.jpg 1 0 0 1280 720
p/c1_p1_73.jpg 1 0 0 1280 720
p/c1_p1_74.jpg 1 0 0 1280 720
p/c1_p1_75.jpg 1 0 0 1280 720
p/c1_p1_76.jpg 1 0 0 1280 720
p/c1_p1_77.jpg 1 0 0 1280 720
p/c1_p1_78.jpg 1 0 0 1280 720
p/c1_p1_79.jpg 1 0 0 1280 720
p/c1_p1_8.jpg 1 0 0 1280 720
p/c1_p1_80.jpg 1 0 0 1280 720
p/c1_p1_81.jpg 1 0 0 1280 720
p/c1_p1_82.jpg 1 0 0 1280 720
p/c1_p1_83.jpg 1 0 0 1280 720
p/c1_p1_84.jpg 1 0 0 1280 720
p/c1_p1_85.jpg 1 0 0 1280 720
p/c1_p1_86.jpg 1 0 0 1280 720
p/c1_p1_87.jpg 1 0 0 1280 720
p/c1_p1_88.jpg 1 0 0 1280 720
p/c1_p1_89.jpg 1 0 0 1280 720
p/c1_p1_9.jpg 1 0 0 1280 720
p/c1_p1_90.jpg 1 0 0 1280 720
p/c1_p1_91.jpg 1 0 0 1280 720
p/c1_p1_92.jpg 1 0 0 1280 720
p/c1_p1_93.jpg 1 0 0 1280 720
p/c1_p1_94.jpg 1 0 0 1280 720
p/c1_p1_95.jpg 1 0 0 1280 720
p/c1_p1_96.jpg 1 0 0 1280 720
p/c1_p1_97.jpg 1 0 0 1280 720
p/c1_p1_98.jpg 1 0 0 1280 720
p/c1_p1_99.jpg 1 0 0 1280 720
p/c2_p1_1.jpg 1 0 0 1280 720
p/c2_p1_10.jpg 1 0 0 1280 720
p/c2_p1_100.jpg 1 0 0 1280 720
p/c2_p1_101.jpg 1 0 0 1280 720
p/c2_p1_102.jpg 1 0 0 1280 720
p/c2_p1_103.jpg 1 0 0 1280 720
p/c2_p1_104.jpg 1 0 0 1280 720
p/c2_p1_105.jpg 1 0 0 1280 720
p/c2_p1_106.jpg 1 0 0 1280 720
p/c2_p1_107.jpg 1 0 0 1280 720
p/c2_p1_108.jpg 1 0 0 1280 720
p/c2_p1_109.jpg 1 0 0 1280 720
p/c2_p1_11.jpg 1 0 0 1280 720
p/c2_p1_110.jpg 1 0 0 1280 720
p/c2_p1_111.jpg 1 0 0 1280 720
p/c2_p1_112.jpg 1 0 0 1280 720
p/c2_p1_113.jpg 1 0 0 1280 720
p/c2_p1_114.jpg 1 0 0 1280 720
p/c2_p1_115.jpg 1 0 0 1280 720
p/c2_p1_116.jpg 1 0 0 1280 720
p/c2_p1_117.jpg 1 0 0 1280 720
p/c2_p1_118.jpg 1 0 0 1280 720
p/c2_p1_119.jpg 1 0 0 1280 720
p/c2_p1_12.jpg 1 0 0 1280 720
p/c2_p1_120.jpg 1 0 0 1280 720
p/c2_p1_121.jpg 1 0 0 1280 720
p/c2_p1_122.jpg 1 0 0 1280 720
p/c2_p1_123.jpg 1 0 0 1280 720
p/c2_p1_124.jpg 1 0 0 1280 720
p/c2_p1_125.jpg 1 0 0 1280 720
p/c2_p1_126.jpg 1 0 0 1280 720
p/c2_p1_127.jpg 1 0 0 1280 720
p/c2_p1_128.jpg 1 0 0 1280 720
p/c1_p1_115.jpg 1 0 0 1280 720
p/c1_p1_116.jpg 1 0 0 1280 720
p/c1_p1_117.jpg 1 0 0 1280 720
p/c1_p1_118.jpg 1 0 0 1280 720
p/c1_p1_119.jpg 1 0 0 1280 720
p/c1_p1_12.jpg 1 0 0 1280 720
p/c1_p1_120.jpg 1 0 0 1280 720
p/c1_p1_121.jpg 1 0 0 1280 720
p/c1_p1_122.jpg 1 0 0 1280 720
p/c1_p1_123.jpg 1 0 0 1280 720
p/c1_p1_124.jpg 1 0 0 1280 720
p/c1_p1_125.jpg 1 0 0 1280 720
p/c1_p1_126.jpg 1 0 0 1280 720
p/c1_p1_127.jpg 1 0 0 1280 720
p/c1_p1_128.jpg 1 0 0 1280 720
p/c1_p1_129.jpg 1 0 0 1280 720
p/c1_p1_13.jpg 1 0 0 1280 720
p/c1_p1_130.jpg 1 0 0 1280 720
p/c1_p1_131.jpg 1 0 0 1280 720
p/c1_p1_132.jpg 1 0 0 1280 720
p/c1_p1_133.jpg 1 0 0 1280 720
p/c1_p1_134.jpg 1 0 0 1280 720
p/c1_p1_135.jpg 1 0 0 1280 720
p/c1_p1_136.jpg 1 0 0 1280 720
p/c1_p1_137.jpg 1 0 0 1280 720
p/c1_p1_138.jpg 1 0 0 1280 720
p/c1_p1_139.jpg 1 0 0 1280 720
p/c1_p1_14.jpg 1 0 0 1280 720
p/c1_p1_140.jpg 1 0 0 1280 720
p/c1_p1_141.jpg 1 0 0 1280 720
p/c1_p1_142.jpg 1 0 0 1280 720
p/c1_p1_143.jpg 1 0 0 1280 720
p/c1_p1_144.jpg 1 0 0 1280 720
p/c1_p1_145.jpg 1 0 0 1280 720
p/c1_p1_146.jpg 1 0 0 1280 720
p/c1_p1_147.jpg 1 0 0 1280 720
p/c1_p1_148.jpg 1 0 0 1280 720
p/c1_p1_149.jpg 1 0 0 1280 720
p/c1_p1_15.jpg 1 0 0 1280 720
p/c1_p1_150.jpg 1 0 0 1280 720
p/c1_p1_16.jpg 1 0 0 1280 720
p/c1_p1_17.jpg 1 0 0 1280 720
p/c1_p1_18.jpg 1 0 0 1280 720
p/c1_p1_19.jpg 1 0 0 1280 720
p/c1_p1_2.jpg 1 0 0 1280 720
p/c1_p1_20.jpg 1 0 0 1280 720
p/c1_p1_21.jpg 1 0 0 1280 720
p/c1_p1_22.jpg 1 0 0 1280 720
p/c1_p1_23.jpg 1 0 0 1280 720
p/c1_p1_24.jpg 1 0 0 1280 720
p/c1_p1_25.jpg 1 0 0 1280 720
p/c1_p1_26.jpg 1 0 0 1280 720
p/c1_p1_27.jpg 1 0 0 1280 720
p/c1_p1_28.jpg 1 0 0 1280 720
p/c1_p1_29.jpg 1 0 0 1280 720
p/c1_p1_3.jpg 1 0 0 1280 720
p/c1_p1_30.jpg 1 0 0 1280 720
p/c1_p1_31.jpg 1 0 0 1280 720
p/c1_p1_32.jpg 1 0 0 1280 720
p/c1_p1_33.jpg 1 0 0 1280 720
p/c1_p1_34.jpg 1 0 0 1280 720
p/c1_p1_35.jpg 1 0 0 1280 720
p/c1_p1_36.jpg 1 0 0 1280 720
p/c1_p1_37.jpg 1 0 0 1280 720
p/c1_p1_38.jpg 1 0 0 1280 720
p/c1_p1_39.jpg 1 0 0 1280 720
p/c1_p1_4.jpg 1 0 0 1280 720
p/c1_p1_40.jpg 1 0 0 1280 720
p/c1_p1_41.jpg 1 0 0 1280 720
p/c1_p1_42.jpg 1 0 0 1280 720
p/c1_p1_43.jpg 1 0 0 1280 720
p/c1_p1_44.jpg 1 0 0 1280 720
p/c1_p1_45.jpg 1 0 0 1280 720
p/c1_p1_46.jpg 1 0 0 1280 720
p/c1_p1_47.jpg 1 0 0 1280 720
p/c1_p1_48.jpg 1 0 0 1280 720
p/c1_p1_49.jpg 1 0 0 1280 720
p/c1_p1_5.jpg 1 0 0 1280 720
p/c1_p1_50.jpg 1 0 0 1280 720
p/c1_p1_51.jpg 1 0 0 1280 720
p/c1_p1_52.jpg 1 0 0 1280 720
p/c1_p1_53.jpg 1 0 0 1280 720
p/c1_p1_54.jpg 1 0 0 1280 720
p/c1_p1_55.jpg 1 0 0 1280 720
p/c1_p1_10.jpg 1 0 0 1280 720
p/c1_p1_100.jpg 1 0 0 1280 720
p/c1_p1_101.jpg 1 0 0 1280 720
p/c1_p1_102.jpg 1 0 0 1280 720
p/c1_p1_103.jpg 1 0 0 1280 720
p/c1_p1_104.jpg 1 0 0 1280 720
p/c1_p1_105.jpg 1 0 0 1280 720
p/c1_p1_106.jpg 1 0 0 1280 720
p/c1_p1_107.jpg 1 0 0 1280 720
p/c1_p1_108.jpg 1 0 0 1280 720
p/c1_p1_109.jpg 1 0 0 1280 720
p/c1_p1_11.jpg 1 0 0 1280 720
p/c1_p1_110.jpg 1 0 0 1280 720
p/c1_p1_111.jpg 1 0 0 1280 720
p/c1_p1_112.jpg 1 0 0 1280 720
p/c1_p1_113.jpg 1 0 0 1280 720
p/c1_p1_114.jpg 1 0 0 1280 720
p/c1_p1_1.jpg 1 0 0 1280 720